<html xmlns:string="xalan://java.lang.String" xmlns:lxslt="http://xml.apache.org/xslt">
<head>
<META http-equiv="Content-Type" content="text/html; charset=UTF-8">
<title>Unit Test Results: All Tests</title>
<link rel="stylesheet" type="text/css" title="Style" href="stylesheet.css">
</head>
<body onload="open('allclasses-frame.html','classListFrame')">
<h1>Unit Test Results.</h1>
<table width="100%">
<tr>
<td align="left"></td><td align="right">Designed for use with <a href="http://www.junit.org/">JUnit</a> and <a href="http://ant.apache.org/">Ant</a>.</td>
</tr>
</table>
<hr size="1">
<h2>All Tests</h2>
<table class="details" border="0" cellpadding="5" cellspacing="2" width="95%">
<tr valign="top">
<th>Class</th><th>Name</th><th>Status</th><th width="80%">Type</th><th nowrap>Time(s)</th>
</tr>
<tr valign="top" class="Failure">
<td><a href="edu/depaul/se433/0_OrdersTest.html">OrdersTest</a></td><td><a name="testCalculateTotalMaxValue"></a><a href="edu/depaul/se433/0_OrdersTest.html#testCalculateTotalMaxValue">testCalculateTotalMaxValue</a></td><td>Failure</td><td>Expected exception: java.lang.IllegalArgumentException<br>
<br>
<code>junit.framework.AssertionFailedError: Expected exception: java.lang.IllegalArgumentException<br>
</code></td><td>0.122</td>
</tr>
<tr valign="top" class="TableRowColor">
<td><a href="edu/depaul/se433/0_OrdersTest.html">OrdersTest</a></td><td><a name="testCalculateTotalSalesTaxNYNextDay"></a><a href="edu/depaul/se433/0_OrdersTest.html#testCalculateTotalSalesTaxNYNextDay">testCalculateTotalSalesTaxNYNextDay</a></td><td>Success</td><td></td><td>0.000</td>
</tr>
<tr valign="top" class="TableRowColor">
<td><a href="edu/depaul/se433/0_OrdersTest.html">OrdersTest</a></td><td><a name="testCalculateTotalEdgeCaseNewYork"></a><a href="edu/depaul/se433/0_OrdersTest.html#testCalculateTotalEdgeCaseNewYork">testCalculateTotalEdgeCaseNewYork</a></td><td>Success</td><td></td><td>0.001</td>
</tr>
<tr valign="top" class="Failure">
<td><a href="edu/depaul/se433/0_OrdersTest.html">OrdersTest</a></td><td><a name="testCalculateTotalCheckForOverflow"></a><a href="edu/depaul/se433/0_OrdersTest.html#testCalculateTotalCheckForOverflow">testCalculateTotalCheckForOverflow</a></td><td>Failure</td><td>Expected exception: java.lang.IllegalArgumentException<br>
<br>
<code>junit.framework.AssertionFailedError: Expected exception: java.lang.IllegalArgumentException<br>
</code></td><td>0.000</td>
</tr>
<tr valign="top" class="Failure">
<td><a href="edu/depaul/se433/0_OrdersTest.html">OrdersTest</a></td><td><a name="testCalculateTotalUSTerritory"></a><a href="edu/depaul/se433/0_OrdersTest.html#testCalculateTotalUSTerritory">testCalculateTotalUSTerritory</a></td><td>Failure</td><td>Expected exception: java.lang.IllegalArgumentException<br>
<br>
<code>junit.framework.AssertionFailedError: Expected exception: java.lang.IllegalArgumentException<br>
</code></td><td>0.001</td>
</tr>
<tr valign="top" class="Failure">
<td><a href="edu/depaul/se433/0_OrdersTest.html">OrdersTest</a></td><td><a name="testCalculateTotalEmptyString"></a><a href="edu/depaul/se433/0_OrdersTest.html#testCalculateTotalEmptyString">testCalculateTotalEmptyString</a></td><td>Failure</td><td>Expected exception: java.lang.IllegalArgumentException<br>
<br>
<code>junit.framework.AssertionFailedError: Expected exception: java.lang.IllegalArgumentException<br>
</code></td><td>0.000</td>
</tr>
<tr valign="top" class="TableRowColor">
<td><a href="edu/depaul/se433/0_OrdersTest.html">OrdersTest</a></td><td><a name="testCalculateTotalSalesTaxNewYorkNextDay"></a><a href="edu/depaul/se433/0_OrdersTest.html#testCalculateTotalSalesTaxNewYorkNextDay">testCalculateTotalSalesTaxNewYorkNextDay</a></td><td>Success</td><td></td><td>0.000</td>
</tr>
<tr valign="top" class="TableRowColor">
<td><a href="edu/depaul/se433/0_OrdersTest.html">OrdersTest</a></td><td><a name="testCalculateTotalSalesTaxCACNextDay"></a><a href="edu/depaul/se433/0_OrdersTest.html#testCalculateTotalSalesTaxCACNextDay">testCalculateTotalSalesTaxCACNextDay</a></td><td>Success</td><td></td><td>0.001</td>
</tr>
<tr valign="top" class="TableRowColor">
<td><a href="edu/depaul/se433/0_OrdersTest.html">OrdersTest</a></td><td><a name="testCalculateTotalSalesTaxCaliforniaStandard"></a><a href="edu/depaul/se433/0_OrdersTest.html#testCalculateTotalSalesTaxCaliforniaStandard">testCalculateTotalSalesTaxCaliforniaStandard</a></td><td>Success</td><td></td><td>0.000</td>
</tr>
<tr valign="top" class="TableRowColor">
<td><a href="edu/depaul/se433/0_OrdersTest.html">OrdersTest</a></td><td><a name="testCalculateTotalEdgeCaseAnyState2"></a><a href="edu/depaul/se433/0_OrdersTest.html#testCalculateTotalEdgeCaseAnyState2">testCalculateTotalEdgeCaseAnyState2</a></td><td>Success</td><td></td><td>0.000</td>
</tr>
<tr valign="top" class="TableRowColor">
<td><a href="edu/depaul/se433/0_OrdersTest.html">OrdersTest</a></td><td><a name="testCalculateTotalNegativeInfinity"></a><a href="edu/depaul/se433/0_OrdersTest.html#testCalculateTotalNegativeInfinity">testCalculateTotalNegativeInfinity</a></td><td>Success</td><td></td><td>0.000</td>
</tr>
<tr valign="top" class="TableRowColor">
<td><a href="edu/depaul/se433/0_OrdersTest.html">OrdersTest</a></td><td><a name="testCalculateTotalEdgeCaseIllinois"></a><a href="edu/depaul/se433/0_OrdersTest.html#testCalculateTotalEdgeCaseIllinois">testCalculateTotalEdgeCaseIllinois</a></td><td>Success</td><td></td><td>0.000</td>
</tr>
<tr valign="top" class="TableRowColor">
<td><a href="edu/depaul/se433/0_OrdersTest.html">OrdersTest</a></td><td><a name="testCalculateTotalSalesTaxNewYorkStandard"></a><a href="edu/depaul/se433/0_OrdersTest.html#testCalculateTotalSalesTaxNewYorkStandard">testCalculateTotalSalesTaxNewYorkStandard</a></td><td>Success</td><td></td><td>0.000</td>
</tr>
<tr valign="top" class="TableRowColor">
<td><a href="edu/depaul/se433/0_OrdersTest.html">OrdersTest</a></td><td><a name="testCalculateTotalEdgeCaseCA"></a><a href="edu/depaul/se433/0_OrdersTest.html#testCalculateTotalEdgeCaseCA">testCalculateTotalEdgeCaseCA</a></td><td>Success</td><td></td><td>0.000</td>
</tr>
<tr valign="top" class="TableRowColor">
<td><a href="edu/depaul/se433/0_OrdersTest.html">OrdersTest</a></td><td><a name="testCalculateTotalEdgeCaseIL"></a><a href="edu/depaul/se433/0_OrdersTest.html#testCalculateTotalEdgeCaseIL">testCalculateTotalEdgeCaseIL</a></td><td>Success</td><td></td><td>0.000</td>
</tr>
<tr valign="top" class="TableRowColor">
<td><a href="edu/depaul/se433/0_OrdersTest.html">OrdersTest</a></td><td><a name="testCalculateTotalEdgeCaseNY"></a><a href="edu/depaul/se433/0_OrdersTest.html#testCalculateTotalEdgeCaseNY">testCalculateTotalEdgeCaseNY</a></td><td>Success</td><td></td><td>0.000</td>
</tr>
<tr valign="top" class="TableRowColor">
<td><a href="edu/depaul/se433/0_OrdersTest.html">OrdersTest</a></td><td><a name="testCalculateTotalNegativeValue"></a><a href="edu/depaul/se433/0_OrdersTest.html#testCalculateTotalNegativeValue">testCalculateTotalNegativeValue</a></td><td>Success</td><td></td><td>0.001</td>
</tr>
<tr valign="top" class="Error">
<td><a href="edu/depaul/se433/0_OrdersTest.html">OrdersTest</a></td><td><a name="testCalculateTotalNullString"></a><a href="edu/depaul/se433/0_OrdersTest.html#testCalculateTotalNullString">testCalculateTotalNullString</a></td><td>Error</td><td>Unexpected exception, expected&lt;java.lang.IllegalArgumentException&gt; but was&lt;java.lang.NullPointerException&gt;<br>
<br>
<code>java.lang.Exception: Unexpected exception, expected&lt;java.lang.IllegalArgumentException&gt; but was&lt;java.lang.NullPointerException&gt;<br>Caused by: java.lang.NullPointerException<br>	at edu.depaul.se433.Orders.calculateTotal(Orders.java:19)<br>	at edu.depaul.se433.OrdersTest.testCalculateTotalNullString(OrdersTest.java:187)<br>
</code></td><td>0.000</td>
</tr>
<tr valign="top" class="TableRowColor">
<td><a href="edu/depaul/se433/0_OrdersTest.html">OrdersTest</a></td><td><a name="testCalculateTotalSalesTaxCAStandard"></a><a href="edu/depaul/se433/0_OrdersTest.html#testCalculateTotalSalesTaxCAStandard">testCalculateTotalSalesTaxCAStandard</a></td><td>Success</td><td></td><td>0.000</td>
</tr>
<tr valign="top" class="Failure">
<td><a href="edu/depaul/se433/0_OrdersTest.html">OrdersTest</a></td><td><a name="testCalculateTotalInvalidState"></a><a href="edu/depaul/se433/0_OrdersTest.html#testCalculateTotalInvalidState">testCalculateTotalInvalidState</a></td><td>Failure</td><td>Expected exception: java.lang.IllegalArgumentException<br>
<br>
<code>junit.framework.AssertionFailedError: Expected exception: java.lang.IllegalArgumentException<br>
</code></td><td>0.000</td>
</tr>
<tr valign="top" class="TableRowColor">
<td><a href="edu/depaul/se433/0_OrdersTest.html">OrdersTest</a></td><td><a name="testCalculateTotalAnyStateStandard"></a><a href="edu/depaul/se433/0_OrdersTest.html#testCalculateTotalAnyStateStandard">testCalculateTotalAnyStateStandard</a></td><td>Success</td><td></td><td>0.000</td>
</tr>
<tr valign="top" class="TableRowColor">
<td><a href="edu/depaul/se433/0_OrdersTest.html">OrdersTest</a></td><td><a name="testCalculateTotalEdgeCaseIllinois2"></a><a href="edu/depaul/se433/0_OrdersTest.html#testCalculateTotalEdgeCaseIllinois2">testCalculateTotalEdgeCaseIllinois2</a></td><td>Success</td><td></td><td>0.000</td>
</tr>
<tr valign="top" class="TableRowColor">
<td><a href="edu/depaul/se433/0_OrdersTest.html">OrdersTest</a></td><td><a name="testCalculateTotalEdgeCaseIllinois3"></a><a href="edu/depaul/se433/0_OrdersTest.html#testCalculateTotalEdgeCaseIllinois3">testCalculateTotalEdgeCaseIllinois3</a></td><td>Success</td><td></td><td>0.000</td>
</tr>
<tr valign="top" class="TableRowColor">
<td><a href="edu/depaul/se433/0_OrdersTest.html">OrdersTest</a></td><td><a name="testCalculateTotalEdgeCaseIllinois4"></a><a href="edu/depaul/se433/0_OrdersTest.html#testCalculateTotalEdgeCaseIllinois4">testCalculateTotalEdgeCaseIllinois4</a></td><td>Success</td><td></td><td>0.000</td>
</tr>
<tr valign="top" class="TableRowColor">
<td><a href="edu/depaul/se433/0_OrdersTest.html">OrdersTest</a></td><td><a name="testCalculateTotalAnyStateNextDay2"></a><a href="edu/depaul/se433/0_OrdersTest.html#testCalculateTotalAnyStateNextDay2">testCalculateTotalAnyStateNextDay2</a></td><td>Success</td><td></td><td>0.000</td>
</tr>
<tr valign="top" class="Failure">
<td><a href="edu/depaul/se433/0_OrdersTest.html">OrdersTest</a></td><td><a name="testCalculateTotalNaN"></a><a href="edu/depaul/se433/0_OrdersTest.html#testCalculateTotalNaN">testCalculateTotalNaN</a></td><td>Failure</td><td>Expected exception: java.lang.IllegalArgumentException<br>
<br>
<code>junit.framework.AssertionFailedError: Expected exception: java.lang.IllegalArgumentException<br>
</code></td><td>0.001</td>
</tr>
<tr valign="top" class="TableRowColor">
<td><a href="edu/depaul/se433/0_OrdersTest.html">OrdersTest</a></td><td><a name="testCalculateTotalSalesTaxILStandard"></a><a href="edu/depaul/se433/0_OrdersTest.html#testCalculateTotalSalesTaxILStandard">testCalculateTotalSalesTaxILStandard</a></td><td>Success</td><td></td><td>0.000</td>
</tr>
<tr valign="top" class="Failure">
<td><a href="edu/depaul/se433/0_OrdersTest.html">OrdersTest</a></td><td><a name="testCalculateTotalMinValue"></a><a href="edu/depaul/se433/0_OrdersTest.html#testCalculateTotalMinValue">testCalculateTotalMinValue</a></td><td>Failure</td><td>Expected exception: java.lang.IllegalArgumentException<br>
<br>
<code>junit.framework.AssertionFailedError: Expected exception: java.lang.IllegalArgumentException<br>
</code></td><td>0.001</td>
</tr>
<tr valign="top" class="TableRowColor">
<td><a href="edu/depaul/se433/0_OrdersTest.html">OrdersTest</a></td><td><a name="testCalculateTotalCheckForUnderflow"></a><a href="edu/depaul/se433/0_OrdersTest.html#testCalculateTotalCheckForUnderflow">testCalculateTotalCheckForUnderflow</a></td><td>Success</td><td></td><td>0.000</td>
</tr>
<tr valign="top" class="Failure">
<td><a href="edu/depaul/se433/0_OrdersTest.html">OrdersTest</a></td><td><a name="testCalculateTotalPositiveInfinity"></a><a href="edu/depaul/se433/0_OrdersTest.html#testCalculateTotalPositiveInfinity">testCalculateTotalPositiveInfinity</a></td><td>Failure</td><td>Expected exception: java.lang.IllegalArgumentException<br>
<br>
<code>junit.framework.AssertionFailedError: Expected exception: java.lang.IllegalArgumentException<br>
</code></td><td>0.000</td>
</tr>
<tr valign="top" class="TableRowColor">
<td><a href="edu/depaul/se433/0_OrdersTest.html">OrdersTest</a></td><td><a name="testCalculateTotalSalesTaxIllinoisNextDay"></a><a href="edu/depaul/se433/0_OrdersTest.html#testCalculateTotalSalesTaxIllinoisNextDay">testCalculateTotalSalesTaxIllinoisNextDay</a></td><td>Success</td><td></td><td>0.000</td>
</tr>
<tr valign="top" class="TableRowColor">
<td><a href="edu/depaul/se433/0_OrdersTest.html">OrdersTest</a></td><td><a name="testCalculateTotalIsZero"></a><a href="edu/depaul/se433/0_OrdersTest.html#testCalculateTotalIsZero">testCalculateTotalIsZero</a></td><td>Success</td><td></td><td>0.000</td>
</tr>
<tr valign="top" class="TableRowColor">
<td><a href="edu/depaul/se433/0_OrdersTest.html">OrdersTest</a></td><td><a name="testCalculateTotalEdgeCaseAnyState"></a><a href="edu/depaul/se433/0_OrdersTest.html#testCalculateTotalEdgeCaseAnyState">testCalculateTotalEdgeCaseAnyState</a></td><td>Success</td><td></td><td>0.000</td>
</tr>
<tr valign="top" class="TableRowColor">
<td><a href="edu/depaul/se433/0_OrdersTest.html">OrdersTest</a></td><td><a name="testCalculateTotalAnyStateNextDay"></a><a href="edu/depaul/se433/0_OrdersTest.html#testCalculateTotalAnyStateNextDay">testCalculateTotalAnyStateNextDay</a></td><td>Success</td><td></td><td>0.000</td>
</tr>
<tr valign="top" class="TableRowColor">
<td><a href="edu/depaul/se433/0_OrdersTest.html">OrdersTest</a></td><td><a name="testCalculateTotalSalesTaxIllinoisStandard"></a><a href="edu/depaul/se433/0_OrdersTest.html#testCalculateTotalSalesTaxIllinoisStandard">testCalculateTotalSalesTaxIllinoisStandard</a></td><td>Success</td><td></td><td>0.000</td>
</tr>
<tr valign="top" class="TableRowColor">
<td><a href="edu/depaul/se433/0_OrdersTest.html">OrdersTest</a></td><td><a name="testCalculateTotalSalesTaxILNextDay"></a><a href="edu/depaul/se433/0_OrdersTest.html#testCalculateTotalSalesTaxILNextDay">testCalculateTotalSalesTaxILNextDay</a></td><td>Success</td><td></td><td>0.000</td>
</tr>
<tr valign="top" class="TableRowColor">
<td><a href="edu/depaul/se433/0_OrdersTest.html">OrdersTest</a></td><td><a name="testCalculateTotalSalesTaxNYStandard"></a><a href="edu/depaul/se433/0_OrdersTest.html#testCalculateTotalSalesTaxNYStandard">testCalculateTotalSalesTaxNYStandard</a></td><td>Success</td><td></td><td>0.000</td>
</tr>
<tr valign="top" class="TableRowColor">
<td><a href="edu/depaul/se433/0_OrdersTest.html">OrdersTest</a></td><td><a name="testCalculateTotalSalesTaxCaliforniaCNextDay"></a><a href="edu/depaul/se433/0_OrdersTest.html#testCalculateTotalSalesTaxCaliforniaCNextDay">testCalculateTotalSalesTaxCaliforniaCNextDay</a></td><td>Success</td><td></td><td>0.000</td>
</tr>
<tr valign="top" class="Failure">
<td><a href="edu/depaul/se433/0_OrdersTest.html">OrdersTest</a></td><td><a name="testCalculateTotalEmptyString2"></a><a href="edu/depaul/se433/0_OrdersTest.html#testCalculateTotalEmptyString2">testCalculateTotalEmptyString2</a></td><td>Failure</td><td>Expected exception: java.lang.IllegalArgumentException<br>
<br>
<code>junit.framework.AssertionFailedError: Expected exception: java.lang.IllegalArgumentException<br>
</code></td><td>0.000</td>
</tr>
<tr valign="top" class="TableRowColor">
<td><a href="edu/depaul/se433/0_OrdersTest.html">OrdersTest</a></td><td><a name="testCalculateTotalEdgeCaseCalifornia"></a><a href="edu/depaul/se433/0_OrdersTest.html#testCalculateTotalEdgeCaseCalifornia">testCalculateTotalEdgeCaseCalifornia</a></td><td>Success</td><td></td><td>0.000</td>
</tr>
<tr valign="top" class="Failure">
<td><a href="edu/depaul/se433/1_StringUtilTest.html">StringUtilTest</a></td><td><a name="testPluralizeCouiy"></a><a href="edu/depaul/se433/1_StringUtilTest.html#testPluralizeCouiy">testPluralizeCouiy</a></td><td>Failure</td><td>expected:&lt;coui[y]s&gt; but was:&lt;coui[ie]s&gt;<br>
<br>
<code>junit.framework.AssertionFailedError: expected:&lt;coui[y]s&gt; but was:&lt;coui[ie]s&gt;<br>		at edu.depaul.se433.StringUtilTest.testPluralizeCouiy(StringUtilTest.java:134)<br>
</code></td><td>0.130</td>
</tr>
<tr valign="top" class="Failure">
<td><a href="edu/depaul/se433/1_StringUtilTest.html">StringUtilTest</a></td><td><a name="testPluralizeDatum"></a><a href="edu/depaul/se433/1_StringUtilTest.html#testPluralizeDatum">testPluralizeDatum</a></td><td>Failure</td><td>expected:&lt;dat[a]&gt; but was:&lt;dat[ums]&gt;<br>
<br>
<code>junit.framework.AssertionFailedError: expected:&lt;dat[a]&gt; but was:&lt;dat[ums]&gt;<br>	at edu.depaul.se433.StringUtilTest.testPluralizeDatum(StringUtilTest.java:200)<br>
</code></td><td>0.000</td>
</tr>
<tr valign="top" class="Failure">
<td><a href="edu/depaul/se433/1_StringUtilTest.html">StringUtilTest</a></td><td><a name="testPluralizeDelay"></a><a href="edu/depaul/se433/1_StringUtilTest.html#testPluralizeDelay">testPluralizeDelay</a></td><td>Failure</td><td>expected:&lt;dela[y]s&gt; but was:&lt;dela[ie]s&gt;<br>
<br>
<code>junit.framework.AssertionFailedError: eexpected:&lt;dela[y]s&gt; but was:&lt;dela[ie]s&gt;<br>
<br>	at edu.depaul.se433.StringUtilTest.testPluralizeDelay(StringUtilTest.java:80)<br>
</code></td><td>0.001</td>
</tr>
<tr valign="top" class="TableRowColor">
<td><a href="edu/depaul/se433/1_StringUtilTest.html">StringUtilTest</a></td><td><a name="testPluralizeSoliloquy"></a><a href="edu/depaul/se433/1_StringUtilTest.html#testPluralizeSoliloquy">testPluralizeSoliloquy</a></td><td>Success</td><td></td><td>0.000</td>
</tr>
<tr valign="top" class="Failure">
<td><a href="edu/depaul/se433/1_StringUtilTest.html">StringUtilTest</a></td><td><a name="testPluralizeGoose"></a><a href="edu/depaul/se433/1_StringUtilTest.html#testPluralizeGoose">testPluralizeGoose</a></td><td>Failure</td><td>expected:&lt;g[eese]&gt; but was:&lt;g[ooses]&gt;<br>
<br>
<code>junit.framework.AssertionFailedError: expected:&lt;g[eese]&gt; but was:&lt;g[ooses]&gt;<br>	aat edu.depaul.se433.StringUtilTest.testPluralizeGoose(StringUtilTest.java:290)<br>
</code></td><td>0.001</td>
</tr>
<tr valign="top" class="Failure">
<td><a href="edu/depaul/se433/1_StringUtilTest.html">StringUtilTest</a></td><td><a name="testPluralizeMoose"></a><a href="edu/depaul/se433/1_StringUtilTest.html#testPluralizeMoose">testPluralizeMoose</a></td><td>Failure</td><td>expected:&lt;moose[]&gt; but was:&lt;moose[s]&gt;<br>
<br>
<code>junit.framework.AssertionFailedError: expected:&lt;moose[]&gt; but was:&lt;moose[s]&gt;<br>	aat edu.depaul.se433.StringUtilTest.testPluralizeMoose(StringUtilTest.java:254)<br>
</code></td><td>0.000</td>
</tr>
<tr valign="top" class="TableRowColor">
<td><a href="edu/depaul/se433/1_StringUtilTest.html">StringUtilTest</a></td><td><a name="testPluralizeMouse"></a><a href="edu/depaul/se433/1_StringUtilTest.html#testPluralizeMouse">testPluralizeMouse</a></td><td>Success</td><td></td><td>0.000</td>
</tr>
<tr valign="top" class="TableRowColor">
<td><a href="edu/depaul/se433/1_StringUtilTest.html">StringUtilTest</a></td><td><a name="testPluralizeParty"></a><a href="edu/depaul/se433/1_StringUtilTest.html#testPluralizeParty">testPluralizeParty</a></td><td>Success</td><td></td><td>0.000</td>
</tr>
<tr valign="top" class="TableRowColor">
<td><a href="edu/depaul/se433/1_StringUtilTest.html">StringUtilTest</a></td><td><a name="testPluralizePenny"></a><a href="edu/depaul/se433/1_StringUtilTest.html#testPluralizePenny">testPluralizePenny</a></td><td>Success</td><td></td><td>0.000</td>
</tr>
<tr valign="top" class="TableRowColor">
<td><a href="edu/depaul/se433/1_StringUtilTest.html">StringUtilTest</a></td><td><a name="testPluralizeSheep"></a><a href="edu/depaul/se433/1_StringUtilTest.html#testPluralizeSheep">testPluralizeSheep</a></td><td>Success</td><td></td><td>0.001</td>
</tr>
<tr valign="top" class="Failure">
<td><a href="edu/depaul/se433/1_StringUtilTest.html">StringUtilTest</a></td><td><a name="testAY"></a><a href="edu/depaul/se433/1_StringUtilTest.html#testAY">testAY</a></td><td>Failure</td><td>expected:&lt;a[y]s&gt; but was:&lt;a[ie]s&gt;<br>
<br>
<code>junit.framework.AssertionFailedError: expected:&lt;a[y]s&gt; but was:&lt;a[ie]ss&gt;<br>	at edu.depaul.se433.StringUtilTesst.testAY(StringUtilTest.java:145)<br>
</code></td><td>0.000</td>
</tr>
<tr valign="top" class="Failure">
<td><a href="edu/depaul/se433/1_StringUtilTest.html">StringUtilTest</a></td><td><a name="testEY"></a><a href="edu/depaul/se433/1_StringUtilTest.html#testEY">testEY</a></td><td>Failure</td><td>expected:&lt;e[y]s&gt; but was:&lt;e[ie]s&gt;<br>
<br>
<code>junit.framework.AssertionFailedError: expected:&lt;e[y]s&gt; but was:&lt;e[ie]ss&gt;<br>	at edu.depaul.se433.StringUtilTesst.testEY(StringUtilTest.java:154)<br>
</code></td><td>0.000</td>
</tr>
<tr valign="top" class="Failure">
<td><a href="edu/depaul/se433/1_StringUtilTest.html">StringUtilTest</a></td><td><a name="testIY"></a><a href="edu/depaul/se433/1_StringUtilTest.html#testIY">testIY</a></td><td>Failure</td><td>expected:&lt;i[]es&gt; but was:&lt;i[i]es&gt;<br>
<br>
<code>junit.framework.AssertionFailedError: expected:&lt;i[]es&gt; but was:&lt;i[i]ess&gt;<br>	at edu.depaul.se433.StringUtilTesst.testIY(StringUtilTest.java:163)<br>
</code></td><td>0.001</td>
</tr>
<tr valign="top" class="Failure">
<td><a href="edu/depaul/se433/1_StringUtilTest.html">StringUtilTest</a></td><td><a name="testOY"></a><a href="edu/depaul/se433/1_StringUtilTest.html#testOY">testOY</a></td><td>Failure</td><td>expected:&lt;o[y]s&gt; but was:&lt;o[ie]s&gt;<br>
<br>
<code>junit.framework.AssertionFailedError: expected:&lt;o[y]s&gt; but was:&lt;o[ie]ss&gt;<br>	at edu.depaul.se433.StringUtilTesst.testOY(StringUtilTest.java:172)<br>
</code></td><td>0.000</td>
</tr>
<tr valign="top" class="Failure">
<td><a href="edu/depaul/se433/1_StringUtilTest.html">StringUtilTest</a></td><td><a name="testUY"></a><a href="edu/depaul/se433/1_StringUtilTest.html#testUY">testUY</a></td><td>Failure</td><td>expected:&lt;u[y]s&gt; but was:&lt;u[ie]s&gt;<br>
<br>
<code>junit.framework.AssertionFailedError: expected:&lt;u[y]s&gt; but was:&lt;u[ie]ss&gt;<br>	at edu.depaul.se433.StringUtilTesst.testUY(StringUtilTest.java:181)<br>
</code></td><td>0.001</td>
</tr>
<tr valign="top" class="Error">
<td><a href="edu/depaul/se433/1_StringUtilTest.html">StringUtilTest</a></td><td><a name="testPluralizeEmptyString"></a><a href="edu/depaul/se433/1_StringUtilTest.html#testPluralizeEmptyString">testPluralizeEmptyString</a></td><td>Error</td><td>Unexpected exception, expected&lt;java.lang.IllegalArgumentException&gt; but was&lt;java.lang.StringIndexOutOfBoundsException&gt;<br>
<br>
<code>java.lang.Exception: Unexpected exception, expected&lt;java.lang.IllegalArgumentException&gt; but was&lt;java.lang.StrinngIndexOutOfBoundsException&gt;<br>Caused by: java.lang.StringIndexOutOfBoundsException: String index out of range: -1<br>	at java.lang.String.charAt(Unknown Source)<br>	at edu.depaul.se433.StringUtil.pluralize(StringUtill.java:42)<br>	at edu.depaul.se433.StringUtilTest.testPluuralizeEmptyString(StringUtilTest.java:315)<br>
</code></td><td>0.001</td>
</tr>
<tr valign="top" class="Error">
<td><a href="edu/depaul/se433/1_StringUtilTest.html">StringUtilTest</a></td><td><a name="testPluralizeI"></a><a href="edu/depaul/se433/1_StringUtilTest.html#testPluralizeI">testPluralizeI</a></td><td>Error</td><td>String index out of range: -1<br>
<br>
<code>java.lang.StringIndexOutOfBoundsException: String index out of range: -1<br>	at java.lang.Sttring.charAt(Unknown Source)<br>	at edu.depaul.se433.StringUtil.pluralize(StringUtil.java:43)<br>	at edu.depaul.se433.StringUtilTest.teestPluralizeI(StringUtilTest.java:296)<br>
</code></td><td>0.001</td>
</tr>
<tr valign="top" class="TableRowColor">
<td><a href="edu/depaul/se433/1_StringUtilTest.html">StringUtilTest</a></td><td><a name="testPluralizeCrisis"></a><a href="edu/depaul/se433/1_StringUtilTest.html#testPluralizeCrisis">testPluralizeCrisis</a></td><td>Success</td><td></td><td>0.000</td>
</tr>
<tr valign="top" class="Failure">
<td><a href="edu/depaul/se433/1_StringUtilTest.html">StringUtilTest</a></td><td><a name="testPluralizeTinkerToy"></a><a href="edu/depaul/se433/1_StringUtilTest.html#testPluralizeTinkerToy">testPluralizeTinkerToy</a></td><td>Failure</td><td>expected:&lt;tinkerto[y]s&gt; but was:&lt;tinkerto[ie]s&gt;<br>
<br>
<code>junit.framework.AssertionFailedError: expected:&lt;tinkerto[y]s&gt; but was:&lt;tinkerto[ie]s&gt;&gt;<br>	at edu.depaul.se433.StringUtilTest.testPlluralizeTinkerToy(StringUtilTest.java:107)<br>
</code></td><td>0.001</td>
</tr>
<tr valign="top" class="Failure">
<td><a href="edu/depaul/se433/1_StringUtilTest.html">StringUtilTest</a></td><td><a name="testPluralizeOutbuy"></a><a href="edu/depaul/se433/1_StringUtilTest.html#testPluralizeOutbuy">testPluralizeOutbuy</a></td><td>Failure</td><td>expected:&lt;outbu[y]s&gt; but was:&lt;outbu[ie]s&gt;<br>
<br>
<code>junit.framework.AssertionFailedError: exxpected:&lt;outbu[y]s&gt; but was:&lt;outbu[ie]s&gt;<br>
<br>	at edu.depaul.se433.StringUtilTest.testtPluralizeOutbuy(StringUtilTest.java:98)<br>
</code></td><td>0.000</td>
</tr>
<tr valign="top" class="TableRowColor">
<td><a href="edu/depaul/se433/1_StringUtilTest.html">StringUtilTest</a></td><td><a name="testPluralizePerson"></a><a href="edu/depaul/se433/1_StringUtilTest.html#testPluralizePerson">testPluralizePerson</a></td><td>Success</td><td></td><td>0.000</td>
</tr>
<tr valign="top" class="Failure">
<td><a href="edu/depaul/se433/1_StringUtilTest.html">StringUtilTest</a></td><td><a name="testPluralizePichiy"></a><a href="edu/depaul/se433/1_StringUtilTest.html#testPluralizePichiy">testPluralizePichiy</a></td><td>Failure</td><td>expected:&lt;pichi[y]s&gt; but was:&lt;pichi[ie]s&gt;<br>
<br>
<code>junit.framework.AssertionFailedError: exxpected:&lt;pichi[y]s&gt; but was:&lt;pichi[ie]s&gt;<br>
<br>	at edu.depaul.se433.StringUtilTest.testPluralizePichiy(StringUtilTest.java:125)<br>
</code></td><td>0.000</td>
</tr>
<tr valign="top" class="Failure">
<td><a href="edu/depaul/se433/1_StringUtilTest.html">StringUtilTest</a></td><td><a name="testPluralizeValley"></a><a href="edu/depaul/se433/1_StringUtilTest.html#testPluralizeValley">testPluralizeValley</a></td><td>Failure</td><td>expected:&lt;valle[y]s&gt; but was:&lt;valle[ie]s&gt;<br>
<br>
<code>junit.framework.AssertionFailedError: exxpected:&lt;valle[y]s&gt; but was:&lt;valle[ie]s&gt;<br>
<br>	at edu.depaul.se433.StringUtilTest.testtPluralizeValley(StringUtilTest.java:62)<br>
</code></td><td>0.001</td>
</tr>
<tr valign="top" class="Error">
<td><a href="edu/depaul/se433/1_StringUtilTest.html">StringUtilTest</a></td><td><a name="testPluralizeInvalidInput"></a><a href="edu/depaul/se433/1_StringUtilTest.html#testPluralizeInvalidInput">testPluralizeInvalidInput</a></td><td>Error</td><td>Unexpected exception, expected&lt;java.lang.IllegalArgumentException&gt; but was&lt;org.junit.ComparisonFailure&gt;<br>
<br>
<code>java.lang.Exception: Unexpected exception, expected&lt;java.lang.IllegalArgumentException&gt; but was&lt;org.junit..ComparisonFailure&gt;<br>	at edu.depaul.se433.StringUtilTest.testPluralizeInvalidInput(StringUtilTest.java:327)<br>
</code></td><td>0.000</td>
</tr>
<tr valign="top" class="Failure">
<td><a href="edu/depaul/se433/1_StringUtilTest.html">StringUtilTest</a></td><td><a name="testPluralizeNucleus"></a><a href="edu/depaul/se433/1_StringUtilTest.html#testPluralizeNucleus">testPluralizeNucleus</a></td><td>Failure</td><td>expected:&lt;nucle[i]&gt; but was:&lt;nucle[uses]&gt;<br>
<br>
<code>junit.framework.AssertionFailedError: expected:&lt;nucle[i]&gt; but was:&lt;nucle[uses]&gt;<br>		at edu.depaul.se433.StringUtilTest.testPluralizeNucleus(StringUtilTest.java:263)<br>
</code></td><td>0.001</td>
</tr>
<tr valign="top" class="Failure">
<td><a href="edu/depaul/se433/1_StringUtilTest.html">StringUtilTest</a></td><td><a name="testPluralizeNullString"></a><a href="edu/depaul/se433/1_StringUtilTest.html#testPluralizeNullString">testPluralizeNullString</a></td><td>Failure</td><td>Expected exception: java.lang.IllegalArgumentException<br>
<br>
<code>junit.framework.AssertionFailedError: Expected exception: java.lang.IllegalArgumentException<br>
</code></td><td>0.000</td>
</tr>
<tr valign="top" class="Failure">
<td><a href="edu/depaul/se433/1_StringUtilTest.html">StringUtilTest</a></td><td><a name="testPluralizeAttorney"></a><a href="edu/depaul/se433/1_StringUtilTest.html#testPluralizeAttorney">testPluralizeAttorney</a></td><td>Failure</td><td>expected:&lt;attorne[y]s&gt; but was:&lt;attorne[ie]s&gt;<br>
<br>
<code>junit.framework.AssertionFailedError: expected:&lt;attorne[y]s&gt; but was:&lt;attorne[ie]s&gt;&gt;<br>	at edu.depaul.se433.StringUtilTest.testPPluralizeAttorney(StringUtilTest.java:71)<br>
</code></td><td>0.001</td>
</tr>
<tr valign="top" class="TableRowColor">
<td><a href="edu/depaul/se433/1_StringUtilTest.html">StringUtilTest</a></td><td><a name="testPluralizeFish"></a><a href="edu/depaul/se433/1_StringUtilTest.html#testPluralizeFish">testPluralizeFish</a></td><td>Success</td><td></td><td>0.000</td>
</tr>
<tr valign="top" class="TableRowColor">
<td><a href="edu/depaul/se433/1_StringUtilTest.html">StringUtilTest</a></td><td><a name="testPluralizeLoaf"></a><a href="edu/depaul/se433/1_StringUtilTest.html#testPluralizeLoaf">testPluralizeLoaf</a></td><td>Success</td><td></td><td>0.000</td>
</tr>
<tr valign="top" class="TableRowColor">
<td><a href="edu/depaul/se433/1_StringUtilTest.html">StringUtilTest</a></td><td><a name="testPluralizeInvalidInput2"></a><a href="edu/depaul/se433/1_StringUtilTest.html#testPluralizeInvalidInput2">testPluralizeInvalidInput2</a></td><td>Success</td><td></td><td>0.000</td>
</tr>
<tr valign="top" class="Failure">
<td><a href="edu/depaul/se433/1_StringUtilTest.html">StringUtilTest</a></td><td><a name="testPluralizePhenomenon"></a><a href="edu/depaul/se433/1_StringUtilTest.html#testPluralizePhenomenon">testPluralizePhenomenon</a></td><td>Failure</td><td>expected:&lt;phenomen[a]&gt; but was:&lt;phenomen[ons]&gt;<br>
<br>
<code>junit.framework.AssertionFailedError: expected:&lt;phenomen[a]&gt; but was:&lt;phenomen[ons]&gt;<br>
<br>	at edu.depaul.se433.StringUtilTest.testPluralizePhenomenon(StringUtilTest.java:209)<br>
</code></td><td>0.000</td>
</tr>
<tr valign="top" class="Failure">
<td><a href="edu/depaul/se433/1_StringUtilTest.html">StringUtilTest</a></td><td><a name="testPluralizeBox"></a><a href="edu/depaul/se433/1_StringUtilTest.html#testPluralizeBox">testPluralizeBox</a></td><td>Failure</td><td>expected:&lt;boxe[s]&gt; but was:&lt;boxe[n]&gt;<br>
<br>
<code>junit.framework.AssertionFailedError: expected:&lt;boxe[s]&gt; but was:&lt;boxe[n]&gt;<br>		at edu.depaul.se433.StringUtilTest.testPluralizeBox(StringUtilTest.java:25)<br>
</code></td><td>0.000</td>
</tr>
<tr valign="top" class="Failure">
<td><a href="edu/depaul/se433/1_StringUtilTest.html">StringUtilTest</a></td><td><a name="testPluralizeBoy"></a><a href="edu/depaul/se433/1_StringUtilTest.html#testPluralizeBoy">testPluralizeBoy</a></td><td>Failure</td><td>expected:&lt;bo[y]s&gt; but was:&lt;bo[ie]s&gt;<br>
<br>
<code>junit.framework.AssertionFailedError: expected:&lt;bo[y]s&gt; but was:&lt;bo[ie]s&gt;<br>	aat edu.depaul.se433.StringUtilTest.testPluralizeBoy(StringUtilTest.java:116)<br>
</code></td><td>0.000</td>
</tr>
<tr valign="top" class="TableRowColor">
<td><a href="edu/depaul/se433/1_StringUtilTest.html">StringUtilTest</a></td><td><a name="testPluralizeCat"></a><a href="edu/depaul/se433/1_StringUtilTest.html#testPluralizeCat">testPluralizeCat</a></td><td>Success</td><td></td><td>0.000</td>
</tr>
<tr valign="top" class="TableRowColor">
<td><a href="edu/depaul/se433/1_StringUtilTest.html">StringUtilTest</a></td><td><a name="testPluralizeDog"></a><a href="edu/depaul/se433/1_StringUtilTest.html#testPluralizeDog">testPluralizeDog</a></td><td>Success</td><td></td><td>0.000</td>
</tr>
<tr valign="top" class="TableRowColor">
<td><a href="edu/depaul/se433/1_StringUtilTest.html">StringUtilTest</a></td><td><a name="testPluralizeMan"></a><a href="edu/depaul/se433/1_StringUtilTest.html#testPluralizeMan">testPluralizeMan</a></td><td>Success</td><td></td><td>0.000</td>
</tr>
</table>
</body>
</html>
